<?xml version="1.0" encoding="UTF-8"?>
<!-- Generated by org.testng.reporters.JUnitXMLReporter -->
<testsuite ignored="8" hostname="DESKTOP-I882LUR" failures="0" tests="3" name="ChromeTest" time="59.805" errors="0" timestamp="2025-04-03T14:32:18 IST">
  <testcase classname="test.SignupTest" name="invalidSignupTest" time="1.537"/>
  <testcase classname="test.SignupTest" name="validSignupTest" time="2.236"/>
  <testcase classname="test.LoginTest" name="valiLoginTest" time="2.289"/>
  <testcase classname="base.ProjectSpecifiedMethod" name="@BeforeSuite reportIniatialization" time="0.0">
    <ignored/>
  </testcase> <!-- @BeforeSuite reportIniatialization -->
  <testcase classname="base.ProjectSpecifiedMethod" name="@AfterSuite closeReport" time="0.0">
    <ignored/>
  </testcase> <!-- @AfterSuite closeReport -->
  <testcase classname="base.ProjectSpecifiedMethod" name="@BeforeSuite reportIniatialization" time="0.0">
    <ignored/>
  </testcase> <!-- @BeforeSuite reportIniatialization -->
  <testcase classname="base.ProjectSpecifiedMethod" name="@AfterSuite closeReport" time="0.0">
    <ignored/>
  </testcase> <!-- @AfterSuite closeReport -->
  <testcase classname="base.ProjectSpecifiedMethod" name="@BeforeSuite reportIniatialization" time="0.0">
    <ignored/>
  </testcase> <!-- @BeforeSuite reportIniatialization -->
  <testcase classname="base.ProjectSpecifiedMethod" name="@BeforeSuite reportIniatialization" time="0.0">
    <ignored/>
  </testcase> <!-- @BeforeSuite reportIniatialization -->
  <testcase classname="base.ProjectSpecifiedMethod" name="@AfterSuite closeReport" time="0.0">
    <ignored/>
  </testcase> <!-- @AfterSuite closeReport -->
  <testcase classname="base.ProjectSpecifiedMethod" name="@AfterSuite closeReport" time="0.0">
    <ignored/>
  </testcase> <!-- @AfterSuite closeReport -->
</testsuite> <!-- ChromeTest -->
