<?xml version="1.0" encoding="UTF-8"?>
<!-- Generated by org.testng.reporters.JUnitXMLReporter -->
<testsuite ignored="8" hostname="DESKTOP-I882LUR" failures="0" tests="8" name="ChromeTest" time="121.846" errors="0" timestamp="2025-04-03T13:35:31 IST">
  <testcase classname="test.SignupTest" name="invalidSignupTest" time="1.031"/>
  <testcase classname="test.SignupTest" name="validSignupTest" time="0.898"/>
  <testcase classname="test.LoginTest" name="valiLoginTest" time="2.211"/>
  <testcase classname="test.LoginTest" name="InvalidLoginTest" time="0.184"/>
  <testcase classname="test.AddingContactTest" name="addcontact" time="17.424"/>
  <testcase classname="test.AddingContactTest" name="addcontact" time="17.594"/>
  <testcase classname="test.EditContactTest" name="contactEdit" time="12.0"/>
  <testcase classname="test.DeleteContactTest" name="contactDelete" time="5.978"/>
  <testcase classname="base.ProjectSpecifiedMethod" name="@AfterSuite closeReport" time="0.0">
    <ignored/>
  </testcase> <!-- @AfterSuite closeReport -->
  <testcase classname="base.ProjectSpecifiedMethod" name="@BeforeSuite reportIniatialization" time="0.0">
    <ignored/>
  </testcase> <!-- @BeforeSuite reportIniatialization -->
  <testcase classname="base.ProjectSpecifiedMethod" name="@AfterSuite closeReport" time="0.0">
    <ignored/>
  </testcase> <!-- @AfterSuite closeReport -->
  <testcase classname="base.ProjectSpecifiedMethod" name="@BeforeSuite reportIniatialization" time="0.0">
    <ignored/>
  </testcase> <!-- @BeforeSuite reportIniatialization -->
  <testcase classname="base.ProjectSpecifiedMethod" name="@BeforeSuite reportIniatialization" time="0.0">
    <ignored/>
  </testcase> <!-- @BeforeSuite reportIniatialization -->
  <testcase classname="base.ProjectSpecifiedMethod" name="@AfterSuite closeReport" time="0.0">
    <ignored/>
  </testcase> <!-- @AfterSuite closeReport -->
  <testcase classname="base.ProjectSpecifiedMethod" name="@BeforeSuite reportIniatialization" time="0.0">
    <ignored/>
  </testcase> <!-- @BeforeSuite reportIniatialization -->
  <testcase classname="base.ProjectSpecifiedMethod" name="@AfterSuite closeReport" time="0.0">
    <ignored/>
  </testcase> <!-- @AfterSuite closeReport -->
</testsuite> <!-- ChromeTest -->
