<?xml version="1.0" encoding="UTF-8"?>
<testng-results ignored="0" total="8" passed="8" failed="0" skipped="0">
  <reporter-output>
  </reporter-output>
  <suite started-at="2025-04-03T13:33:29 IST" name="Suite" finished-at="2025-04-03T13:35:31 IST" duration-ms="121846">
    <groups>
    </groups>
    <test started-at="2025-04-03T13:33:29 IST" name="ChromeTest" finished-at="2025-04-03T13:35:31 IST" duration-ms="121846">
      <class name="test.DeleteContactTest">
        <test-method is-config="true" signature="setup()[pri:0, instance:test.DeleteContactTest@7d20d0b]" started-at="2025-04-03T13:33:29 IST" name="setup" finished-at="2025-04-03T13:33:29 IST" duration-ms="0" status="PASS">
          <reporter-output>
          </reporter-output>
        </test-method> <!-- setup -->
        <test-method is-config="true" signature="testDetails()[pri:0, instance:test.DeleteContactTest@7d20d0b]" started-at="2025-04-03T13:35:18 IST" name="testDetails" finished-at="2025-04-03T13:35:18 IST" duration-ms="2" status="PASS">
          <reporter-output>
          </reporter-output>
        </test-method> <!-- testDetails -->
        <test-method is-config="true" signature="browserlaunch(java.lang.String,java.lang.String)[pri:0, instance:test.DeleteContactTest@7d20d0b]" started-at="2025-04-03T13:35:18 IST" name="browserlaunch" finished-at="2025-04-03T13:35:23 IST" duration-ms="4862" status="PASS">
          <params>
            <param index="0">
              <value>
                <![CDATA[Chrome]]>
              </value>
            </param>
            <param index="1">
              <value>
                <![CDATA[https://thinking-tester-contact-list.herokuapp.com/]]>
              </value>
            </param>
          </params>
          <reporter-output>
          </reporter-output>
        </test-method> <!-- browserlaunch -->
        <test-method signature="contactDelete(java.lang.String,java.lang.String,java.lang.String,java.lang.String)[pri:0, instance:test.DeleteContactTest@7d20d0b]" started-at="2025-04-03T13:35:23 IST" name="contactDelete" data-provider="excelRead" finished-at="2025-04-03T13:35:29 IST" duration-ms="5978" status="PASS">
          <params>
            <param index="0">
              <value>
                <![CDATA[abcd@example.com]]>
              </value>
            </param>
            <param index="1">
              <value>
                <![CDATA[testing]]>
              </value>
            </param>
            <param index="2">
              <value>
                <![CDATA[test@gmail]]>
              </value>
            </param>
            <param index="3">
              <value>
                <![CDATA[test]]>
              </value>
            </param>
          </params>
          <reporter-output>
          </reporter-output>
        </test-method> <!-- contactDelete -->
        <test-method is-config="true" signature="shuttingBrowser()[pri:0, instance:test.DeleteContactTest@7d20d0b]" started-at="2025-04-03T13:35:29 IST" name="shuttingBrowser" finished-at="2025-04-03T13:35:31 IST" duration-ms="2096" status="PASS">
          <reporter-output>
          </reporter-output>
        </test-method> <!-- shuttingBrowser -->
      </class> <!-- test.DeleteContactTest -->
      <class name="test.LoginTest">
        <test-method is-config="true" signature="setup()[pri:0, instance:test.LoginTest@7770f470]" started-at="2025-04-03T13:33:29 IST" name="setup" finished-at="2025-04-03T13:33:29 IST" duration-ms="1" status="PASS">
          <reporter-output>
          </reporter-output>
        </test-method> <!-- setup -->
        <test-method is-config="true" signature="testDetails()[pri:0, instance:test.LoginTest@7770f470]" started-at="2025-04-03T13:33:46 IST" name="testDetails" finished-at="2025-04-03T13:33:46 IST" duration-ms="1" status="PASS">
          <reporter-output>
          </reporter-output>
        </test-method> <!-- testDetails -->
        <test-method is-config="true" signature="browserlaunch(java.lang.String,java.lang.String)[pri:0, instance:test.LoginTest@7770f470]" started-at="2025-04-03T13:33:47 IST" name="browserlaunch" finished-at="2025-04-03T13:33:51 IST" duration-ms="4745" status="PASS">
          <params>
            <param index="0">
              <value>
                <![CDATA[Chrome]]>
              </value>
            </param>
            <param index="1">
              <value>
                <![CDATA[https://thinking-tester-contact-list.herokuapp.com/]]>
              </value>
            </param>
          </params>
          <reporter-output>
          </reporter-output>
        </test-method> <!-- browserlaunch -->
        <test-method signature="valiLoginTest(java.lang.String,java.lang.String,java.lang.String,java.lang.String)[pri:1, instance:test.LoginTest@7770f470]" started-at="2025-04-03T13:33:51 IST" name="valiLoginTest" data-provider="excelRead" finished-at="2025-04-03T13:33:53 IST" duration-ms="2211" status="PASS">
          <params>
            <param index="0">
              <value>
                <![CDATA[abcd@example.com]]>
              </value>
            </param>
            <param index="1">
              <value>
                <![CDATA[testing]]>
              </value>
            </param>
            <param index="2">
              <value>
                <![CDATA[test@gmail]]>
              </value>
            </param>
            <param index="3">
              <value>
                <![CDATA[test]]>
              </value>
            </param>
          </params>
          <reporter-output>
          </reporter-output>
        </test-method> <!-- valiLoginTest -->
        <test-method is-config="true" signature="shuttingBrowser()[pri:0, instance:test.LoginTest@7770f470]" started-at="2025-04-03T13:33:53 IST" name="shuttingBrowser" finished-at="2025-04-03T13:33:56 IST" duration-ms="2083" status="PASS">
          <reporter-output>
          </reporter-output>
        </test-method> <!-- shuttingBrowser -->
        <test-method is-config="true" signature="browserlaunch(java.lang.String,java.lang.String)[pri:0, instance:test.LoginTest@7770f470]" started-at="2025-04-03T13:33:56 IST" name="browserlaunch" finished-at="2025-04-03T13:34:02 IST" duration-ms="6657" status="PASS">
          <params>
            <param index="0">
              <value>
                <![CDATA[Chrome]]>
              </value>
            </param>
            <param index="1">
              <value>
                <![CDATA[https://thinking-tester-contact-list.herokuapp.com/]]>
              </value>
            </param>
          </params>
          <reporter-output>
          </reporter-output>
        </test-method> <!-- browserlaunch -->
        <test-method signature="InvalidLoginTest(java.lang.String,java.lang.String,java.lang.String,java.lang.String)[pri:2, instance:test.LoginTest@7770f470]" started-at="2025-04-03T13:34:02 IST" name="InvalidLoginTest" data-provider="excelRead" finished-at="2025-04-03T13:34:02 IST" duration-ms="184" status="PASS">
          <params>
            <param index="0">
              <value>
                <![CDATA[abcd@example.com]]>
              </value>
            </param>
            <param index="1">
              <value>
                <![CDATA[testing]]>
              </value>
            </param>
            <param index="2">
              <value>
                <![CDATA[test@gmail]]>
              </value>
            </param>
            <param index="3">
              <value>
                <![CDATA[test]]>
              </value>
            </param>
          </params>
          <reporter-output>
          </reporter-output>
        </test-method> <!-- InvalidLoginTest -->
        <test-method is-config="true" signature="shuttingBrowser()[pri:0, instance:test.LoginTest@7770f470]" started-at="2025-04-03T13:34:02 IST" name="shuttingBrowser" finished-at="2025-04-03T13:34:05 IST" duration-ms="2073" status="PASS">
          <reporter-output>
          </reporter-output>
        </test-method> <!-- shuttingBrowser -->
      </class> <!-- test.LoginTest -->
      <class name="test.SignupTest">
        <test-method is-config="true" signature="reportIniatialization()[pri:0, instance:test.SignupTest@8297b3a]" started-at="2025-04-03T13:33:29 IST" name="reportIniatialization" finished-at="2025-04-03T13:33:29 IST" duration-ms="191" status="PASS">
          <reporter-output>
          </reporter-output>
        </test-method> <!-- reportIniatialization -->
        <test-method is-config="true" signature="setup()[pri:0, instance:test.SignupTest@8297b3a]" started-at="2025-04-03T13:33:29 IST" name="setup" finished-at="2025-04-03T13:33:29 IST" duration-ms="0" status="PASS">
          <reporter-output>
          </reporter-output>
        </test-method> <!-- setup -->
        <test-method is-config="true" signature="testDetails()[pri:0, instance:test.SignupTest@8297b3a]" started-at="2025-04-03T13:33:29 IST" name="testDetails" finished-at="2025-04-03T13:33:29 IST" duration-ms="5" status="PASS">
          <reporter-output>
          </reporter-output>
        </test-method> <!-- testDetails -->
        <test-method is-config="true" signature="browserlaunch(java.lang.String,java.lang.String)[pri:0, instance:test.SignupTest@8297b3a]" started-at="2025-04-03T13:33:29 IST" name="browserlaunch" finished-at="2025-04-03T13:33:35 IST" duration-ms="5851" status="PASS">
          <params>
            <param index="0">
              <value>
                <![CDATA[Chrome]]>
              </value>
            </param>
            <param index="1">
              <value>
                <![CDATA[https://thinking-tester-contact-list.herokuapp.com/]]>
              </value>
            </param>
          </params>
          <reporter-output>
          </reporter-output>
        </test-method> <!-- browserlaunch -->
        <test-method signature="invalidSignupTest(java.lang.String,java.lang.String,java.lang.String,java.lang.String,java.lang.String,java.lang.String,java.lang.String,java.lang.String)[pri:1, instance:test.SignupTest@8297b3a]" started-at="2025-04-03T13:33:35 IST" name="invalidSignupTest" data-provider="excelRead" finished-at="2025-04-03T13:33:36 IST" duration-ms="1031" status="PASS">
          <params>
            <param index="0">
              <value>
                <![CDATA[saishaswat]]>
              </value>
            </param>
            <param index="1">
              <value>
                <![CDATA[g.p]]>
              </value>
            </param>
            <param index="2">
              <value>
                <![CDATA[sai041212@gmail.com]]>
              </value>
            </param>
            <param index="3">
              <value>
                <![CDATA[testing]]>
              </value>
            </param>
            <param index="4">
              <value>
                <![CDATA[sai]]>
              </value>
            </param>
            <param index="5">
              <value>
                <![CDATA[g.p]]>
              </value>
            </param>
            <param index="6">
              <value>
                <![CDATA[abc]]>
              </value>
            </param>
            <param index="7">
              <value>
                <![CDATA[test]]>
              </value>
            </param>
          </params>
          <reporter-output>
          </reporter-output>
        </test-method> <!-- invalidSignupTest -->
        <test-method is-config="true" signature="shuttingBrowser()[pri:0, instance:test.SignupTest@8297b3a]" started-at="2025-04-03T13:33:36 IST" name="shuttingBrowser" finished-at="2025-04-03T13:33:38 IST" duration-ms="2089" status="PASS">
          <reporter-output>
          </reporter-output>
        </test-method> <!-- shuttingBrowser -->
        <test-method is-config="true" signature="browserlaunch(java.lang.String,java.lang.String)[pri:0, instance:test.SignupTest@8297b3a]" started-at="2025-04-03T13:33:38 IST" name="browserlaunch" finished-at="2025-04-03T13:33:43 IST" duration-ms="4961" status="PASS">
          <params>
            <param index="0">
              <value>
                <![CDATA[Chrome]]>
              </value>
            </param>
            <param index="1">
              <value>
                <![CDATA[https://thinking-tester-contact-list.herokuapp.com/]]>
              </value>
            </param>
          </params>
          <reporter-output>
          </reporter-output>
        </test-method> <!-- browserlaunch -->
        <test-method signature="validSignupTest(java.lang.String,java.lang.String,java.lang.String,java.lang.String,java.lang.String,java.lang.String,java.lang.String,java.lang.String)[pri:1, instance:test.SignupTest@8297b3a]" started-at="2025-04-03T13:33:43 IST" name="validSignupTest" data-provider="excelRead" finished-at="2025-04-03T13:33:44 IST" duration-ms="898" status="PASS">
          <params>
            <param index="0">
              <value>
                <![CDATA[saishaswat]]>
              </value>
            </param>
            <param index="1">
              <value>
                <![CDATA[g.p]]>
              </value>
            </param>
            <param index="2">
              <value>
                <![CDATA[sai041212@gmail.com]]>
              </value>
            </param>
            <param index="3">
              <value>
                <![CDATA[testing]]>
              </value>
            </param>
            <param index="4">
              <value>
                <![CDATA[sai]]>
              </value>
            </param>
            <param index="5">
              <value>
                <![CDATA[g.p]]>
              </value>
            </param>
            <param index="6">
              <value>
                <![CDATA[abc]]>
              </value>
            </param>
            <param index="7">
              <value>
                <![CDATA[test]]>
              </value>
            </param>
          </params>
          <reporter-output>
          </reporter-output>
        </test-method> <!-- validSignupTest -->
        <test-method is-config="true" signature="shuttingBrowser()[pri:0, instance:test.SignupTest@8297b3a]" started-at="2025-04-03T13:33:44 IST" name="shuttingBrowser" finished-at="2025-04-03T13:33:46 IST" duration-ms="2085" status="PASS">
          <reporter-output>
          </reporter-output>
        </test-method> <!-- shuttingBrowser -->
        <test-method is-config="true" signature="closeReport()[pri:0, instance:test.SignupTest@8297b3a]" started-at="2025-04-03T13:35:31 IST" name="closeReport" finished-at="2025-04-03T13:35:31 IST" duration-ms="272" status="PASS">
          <reporter-output>
          </reporter-output>
        </test-method> <!-- closeReport -->
      </class> <!-- test.SignupTest -->
      <class name="test.EditContactTest">
        <test-method is-config="true" signature="setup()[pri:0, instance:test.EditContactTest@24313fcc]" started-at="2025-04-03T13:33:29 IST" name="setup" finished-at="2025-04-03T13:33:29 IST" duration-ms="0" status="PASS">
          <reporter-output>
          </reporter-output>
        </test-method> <!-- setup -->
        <test-method is-config="true" signature="testDetails()[pri:0, instance:test.EditContactTest@24313fcc]" started-at="2025-04-03T13:34:58 IST" name="testDetails" finished-at="2025-04-03T13:34:58 IST" duration-ms="0" status="PASS">
          <reporter-output>
          </reporter-output>
        </test-method> <!-- testDetails -->
        <test-method is-config="true" signature="browserlaunch(java.lang.String,java.lang.String)[pri:0, instance:test.EditContactTest@24313fcc]" started-at="2025-04-03T13:34:58 IST" name="browserlaunch" finished-at="2025-04-03T13:35:04 IST" duration-ms="5130" status="PASS">
          <params>
            <param index="0">
              <value>
                <![CDATA[Chrome]]>
              </value>
            </param>
            <param index="1">
              <value>
                <![CDATA[https://thinking-tester-contact-list.herokuapp.com/]]>
              </value>
            </param>
          </params>
          <reporter-output>
          </reporter-output>
        </test-method> <!-- browserlaunch -->
        <test-method signature="contactEdit(java.lang.String,java.lang.String,java.lang.String,java.lang.String)[pri:0, instance:test.EditContactTest@24313fcc]" started-at="2025-04-03T13:35:04 IST" name="contactEdit" data-provider="excelRead" finished-at="2025-04-03T13:35:16 IST" duration-ms="12000" status="PASS">
          <params>
            <param index="0">
              <value>
                <![CDATA[abcd@example.com]]>
              </value>
            </param>
            <param index="1">
              <value>
                <![CDATA[testing]]>
              </value>
            </param>
            <param index="2">
              <value>
                <![CDATA[test@gmail]]>
              </value>
            </param>
            <param index="3">
              <value>
                <![CDATA[test]]>
              </value>
            </param>
          </params>
          <reporter-output>
          </reporter-output>
        </test-method> <!-- contactEdit -->
        <test-method is-config="true" signature="shuttingBrowser()[pri:0, instance:test.EditContactTest@24313fcc]" started-at="2025-04-03T13:35:16 IST" name="shuttingBrowser" finished-at="2025-04-03T13:35:18 IST" duration-ms="2093" status="PASS">
          <reporter-output>
          </reporter-output>
        </test-method> <!-- shuttingBrowser -->
      </class> <!-- test.EditContactTest -->
      <class name="test.AddingContactTest">
        <test-method is-config="true" signature="setup()[pri:0, instance:test.AddingContactTest@5e5d171f]" started-at="2025-04-03T13:33:29 IST" name="setup" finished-at="2025-04-03T13:33:29 IST" duration-ms="1" status="PASS">
          <reporter-output>
          </reporter-output>
        </test-method> <!-- setup -->
        <test-method is-config="true" signature="testDetails()[pri:0, instance:test.AddingContactTest@5e5d171f]" started-at="2025-04-03T13:34:05 IST" name="testDetails" finished-at="2025-04-03T13:34:05 IST" duration-ms="0" status="PASS">
          <reporter-output>
          </reporter-output>
        </test-method> <!-- testDetails -->
        <test-method is-config="true" signature="browserlaunch(java.lang.String,java.lang.String)[pri:0, instance:test.AddingContactTest@5e5d171f]" started-at="2025-04-03T13:34:05 IST" name="browserlaunch" finished-at="2025-04-03T13:34:10 IST" duration-ms="5573" status="PASS">
          <params>
            <param index="0">
              <value>
                <![CDATA[Chrome]]>
              </value>
            </param>
            <param index="1">
              <value>
                <![CDATA[https://thinking-tester-contact-list.herokuapp.com/]]>
              </value>
            </param>
          </params>
          <reporter-output>
          </reporter-output>
        </test-method> <!-- browserlaunch -->
        <test-method signature="addcontact(java.lang.String,java.lang.String,java.lang.String,java.lang.String,java.lang.String,java.lang.String,java.lang.String,java.lang.String,java.lang.String,java.lang.String,java.lang.String,java.lang.String,java.lang.String)[pri:0, instance:test.AddingContactTest@5e5d171f]" started-at="2025-04-03T13:34:10 IST" name="addcontact" data-provider="excelRead" finished-at="2025-04-03T13:34:28 IST" duration-ms="17424" status="PASS">
          <params>
            <param index="0">
              <value>
                <![CDATA[abcd@example.com]]>
              </value>
            </param>
            <param index="1">
              <value>
                <![CDATA[testing]]>
              </value>
            </param>
            <param index="2">
              <value>
                <![CDATA[sai]]>
              </value>
            </param>
            <param index="3">
              <value>
                <![CDATA[shaswat]]>
              </value>
            </param>
            <param index="4">
              <value>
                <![CDATA[thanjavur]]>
              </value>
            </param>
            <param index="5">
              <value>
                <![CDATA[thanjavur]]>
              </value>
            </param>
            <param index="6">
              <value>
                <![CDATA[thanjavur]]>
              </value>
            </param>
            <param index="7">
              <value>
                <![CDATA[India]]>
              </value>
            </param>
            <param index="8">
              <value>
                <![CDATA[2012/12/04]]>
              </value>
            </param>
            <param index="9">
              <value>
                <![CDATA[abcd@example.com]]>
              </value>
            </param>
            <param index="10">
              <value>
                <![CDATA[9894297247]]>
              </value>
            </param>
            <param index="11">
              <value>
                <![CDATA[613001]]>
              </value>
            </param>
            <param index="12">
              <value>
                <![CDATA[Tamilnadu]]>
              </value>
            </param>
          </params>
          <reporter-output>
          </reporter-output>
        </test-method> <!-- addcontact -->
        <test-method is-config="true" signature="shuttingBrowser()[pri:0, instance:test.AddingContactTest@5e5d171f]" started-at="2025-04-03T13:34:28 IST" name="shuttingBrowser" finished-at="2025-04-03T13:34:30 IST" duration-ms="2090" status="PASS">
          <reporter-output>
          </reporter-output>
        </test-method> <!-- shuttingBrowser -->
        <test-method is-config="true" signature="browserlaunch(java.lang.String,java.lang.String)[pri:0, instance:test.AddingContactTest@5e5d171f]" started-at="2025-04-03T13:34:30 IST" name="browserlaunch" finished-at="2025-04-03T13:34:39 IST" duration-ms="8950" status="PASS">
          <params>
            <param index="0">
              <value>
                <![CDATA[Chrome]]>
              </value>
            </param>
            <param index="1">
              <value>
                <![CDATA[https://thinking-tester-contact-list.herokuapp.com/]]>
              </value>
            </param>
          </params>
          <reporter-output>
          </reporter-output>
        </test-method> <!-- browserlaunch -->
        <test-method signature="addcontact(java.lang.String,java.lang.String,java.lang.String,java.lang.String,java.lang.String,java.lang.String,java.lang.String,java.lang.String,java.lang.String,java.lang.String,java.lang.String,java.lang.String,java.lang.String)[pri:0, instance:test.AddingContactTest@5e5d171f]" started-at="2025-04-03T13:34:39 IST" name="addcontact" data-provider="excelRead" finished-at="2025-04-03T13:34:56 IST" duration-ms="17594" status="PASS">
          <params>
            <param index="0">
              <value>
                <![CDATA[prarthu@example.com]]>
              </value>
            </param>
            <param index="1">
              <value>
                <![CDATA[test@test]]>
              </value>
            </param>
            <param index="2">
              <value>
                <![CDATA[tamil]]>
              </value>
            </param>
            <param index="3">
              <value>
                <![CDATA[selvi]]>
              </value>
            </param>
            <param index="4">
              <value>
                <![CDATA[thanjavur]]>
              </value>
            </param>
            <param index="5">
              <value>
                <![CDATA[thanjavur]]>
              </value>
            </param>
            <param index="6">
              <value>
                <![CDATA[thanjavur]]>
              </value>
            </param>
            <param index="7">
              <value>
                <![CDATA[India]]>
              </value>
            </param>
            <param index="8">
              <value>
                <![CDATA[04/12/69]]>
              </value>
            </param>
            <param index="9">
              <value>
                <![CDATA[prarthu@gmail.com]]>
              </value>
            </param>
            <param index="10">
              <value>
                <![CDATA[9443104463]]>
              </value>
            </param>
            <param index="11">
              <value>
                <![CDATA[613007]]>
              </value>
            </param>
            <param index="12">
              <value>
                <![CDATA[TamilNadu]]>
              </value>
            </param>
          </params>
          <reporter-output>
          </reporter-output>
        </test-method> <!-- addcontact -->
        <test-method is-config="true" signature="shuttingBrowser()[pri:0, instance:test.AddingContactTest@5e5d171f]" started-at="2025-04-03T13:34:56 IST" name="shuttingBrowser" finished-at="2025-04-03T13:34:58 IST" duration-ms="2100" status="PASS">
          <reporter-output>
          </reporter-output>
        </test-method> <!-- shuttingBrowser -->
      </class> <!-- test.AddingContactTest -->
    </test> <!-- ChromeTest -->
  </suite> <!-- Suite -->
</testng-results>
